<?xml version="1.0" encoding="UTF-8"?>
<!-- Generated by org.testng.reporters.JUnitReportReporter -->
<testsuite hostname="APL-543L4612469" failures="0" tests="4" name="Engine.Priority" time="0.008" errors="0" timestamp="2023-05-11T17:38:51 IST" skipped="0">
  <testcase classname="Engine.Priority" name="startEngine" time="0.006"/>
  <system-out/>
  <testcase classname="Engine.Priority" name="putFirstGear" time="0.001"/>
  <system-out/>
  <testcase classname="Engine.Priority" name="putSecondGear" time="0.001"/>
  <system-out/>
  <testcase classname="Engine.Priority" name="putThirdGear" time="0.000"/>
  <system-out/>
</testsuite> <!-- Engine.Priority -->
